Traceback (most recent call last):
  File "/scratch/gilbreth/shar1159/robotvision/src/camera-based-e2e/train.py", line 63, in <module>
    for batch in train_loader:
  File "/scratch/gilbreth/shar1159/conda_envs/waymo/lib/python3.10/site-packages/torch/utils/data/dataloader.py", line 701, in __next__
    data = self._next_data()
  File "/scratch/gilbreth/shar1159/conda_envs/waymo/lib/python3.10/site-packages/torch/utils/data/dataloader.py", line 1465, in _next_data
    return self._process_data(data)
  File "/scratch/gilbreth/shar1159/conda_envs/waymo/lib/python3.10/site-packages/torch/utils/data/dataloader.py", line 1491, in _process_data
    data.reraise()
  File "/scratch/gilbreth/shar1159/conda_envs/waymo/lib/python3.10/site-packages/torch/_utils.py", line 715, in reraise
    raise exception
KeyError: Caught KeyError in DataLoader worker process 0.
Original Traceback (most recent call last):
  File "/scratch/gilbreth/shar1159/conda_envs/waymo/lib/python3.10/site-packages/torch/utils/data/_utils/worker.py", line 351, in _worker_loop
    data = fetcher.fetch(index)  # type: ignore[possibly-undefined]
  File "/scratch/gilbreth/shar1159/conda_envs/waymo/lib/python3.10/site-packages/torch/utils/data/_utils/fetch.py", line 43, in fetch
    return self.collate_fn(data)
  File "/scratch/gilbreth/shar1159/robotvision/src/camera-based-e2e/models/base_model.py", line 77, in collate_with_images
    names = [b["NAME"] for b in batch]
  File "/scratch/gilbreth/shar1159/robotvision/src/camera-based-e2e/models/base_model.py", line 77, in <listcomp>
    names = [b["NAME"] for b in batch]
KeyError: 'NAME'

srun: error: gilbreth-h009: task 0: Exited with exit code 1
