Using bfloat16 Automatic Mixed Precision (AMP)
GPU available: True (cuda), used: True
TPU available: False, using: 0 TPU cores
/scratch/gilbreth/shar1159/conda_envs/waymo/lib/python3.10/site-packages/pytorch_lightning/callbacks/model_checkpoint.py:881: Checkpoint directory /scratch/gilbreth/shar1159/checkpoints exists and is not empty.
LOCAL_RANK: 0 - CUDA_VISIBLE_DEVICES: [0]
/scratch/gilbreth/shar1159/conda_envs/waymo/lib/python3.10/site-packages/pytorch_lightning/utilities/model_summary/model_summary.py:242: Precision bf16-mixed is not supported by the model summary.  Estimated model size in MB will not be accurate. Using 32 bits instead.

  | Name     | Type             | Params | Mode  | FLOPs
--------------------------------------------------------------
0 | backbone | latentTFBackbone | 66.2 M | train | 0    
1 | head     | Sequential       | 169 K  | train | 0    
--------------------------------------------------------------
66.4 M    Trainable params
0         Non-trainable params
66.4 M    Total params
265.467   Total estimated model params size (MB)
779       Modules in train mode
0         Modules in eval mode
0         Total Flops
SLURM auto-requeueing enabled. Setting signal handlers.
/scratch/gilbreth/shar1159/conda_envs/waymo/lib/python3.10/site-packages/pytorch_lightning/utilities/data.py:123: Your `IterableDataset` has `__len__` defined. In combination with multi-process data loading (when num_workers > 1), `__len__` could be inaccurate if each worker is not configured independently to avoid having duplicate data.
/scratch/gilbreth/shar1159/conda_envs/waymo/lib/python3.10/site-packages/pytorch_lightning/utilities/data.py:79: Trying to infer the `batch_size` from an ambiguous collection. The batch size we found is 16. To avoid any miscalculations, use `self.log(..., batch_size=batch_size)`.
/scratch/gilbreth/shar1159/conda_envs/waymo/lib/python3.10/site-packages/pytorch_lightning/utilities/data.py:79: Trying to infer the `batch_size` from an ambiguous collection. The batch size we found is 8. To avoid any miscalculations, use `self.log(..., batch_size=batch_size)`.
`Trainer.fit` stopped: `max_epochs=10` reached.
LOCAL_RANK: 0 - CUDA_VISIBLE_DEVICES: [0]
SLURM auto-requeueing enabled. Setting signal handlers.
Traceback (most recent call last):
  File "/scratch/gilbreth/shar1159/robotvision/src/camera-based-e2e/train_latent.py", line 141, in <module>
    trainer.test(lit_model, dataloaders=test_loader)
  File "/scratch/gilbreth/shar1159/conda_envs/waymo/lib/python3.10/site-packages/pytorch_lightning/trainer/trainer.py", line 821, in test
    return call._call_and_handle_interrupt(
  File "/scratch/gilbreth/shar1159/conda_envs/waymo/lib/python3.10/site-packages/pytorch_lightning/trainer/call.py", line 49, in _call_and_handle_interrupt
    return trainer_fn(*args, **kwargs)
  File "/scratch/gilbreth/shar1159/conda_envs/waymo/lib/python3.10/site-packages/pytorch_lightning/trainer/trainer.py", line 864, in _test_impl
    results = self._run(model, ckpt_path=ckpt_path, weights_only=weights_only)
  File "/scratch/gilbreth/shar1159/conda_envs/waymo/lib/python3.10/site-packages/pytorch_lightning/trainer/trainer.py", line 1079, in _run
    results = self._run_stage()
  File "/scratch/gilbreth/shar1159/conda_envs/waymo/lib/python3.10/site-packages/pytorch_lightning/trainer/trainer.py", line 1116, in _run_stage
    return self._evaluation_loop.run()
  File "/scratch/gilbreth/shar1159/conda_envs/waymo/lib/python3.10/site-packages/pytorch_lightning/loops/utilities.py", line 179, in _decorator
    return loop_run(self, *args, **kwargs)
  File "/scratch/gilbreth/shar1159/conda_envs/waymo/lib/python3.10/site-packages/pytorch_lightning/loops/evaluation_loop.py", line 146, in run
    self._evaluation_step(batch, batch_idx, dataloader_idx, dataloader_iter)
  File "/scratch/gilbreth/shar1159/conda_envs/waymo/lib/python3.10/site-packages/pytorch_lightning/loops/evaluation_loop.py", line 441, in _evaluation_step
    output = call._call_strategy_hook(trainer, hook_name, *step_args)
  File "/scratch/gilbreth/shar1159/conda_envs/waymo/lib/python3.10/site-packages/pytorch_lightning/trainer/call.py", line 329, in _call_strategy_hook
    output = fn(*args, **kwargs)
  File "/scratch/gilbreth/shar1159/conda_envs/waymo/lib/python3.10/site-packages/pytorch_lightning/strategies/strategy.py", line 425, in test_step
    return self.lightning_module.test_step(*args, **kwargs)
  File "/scratch/gilbreth/shar1159/robotvision/src/camera-based-e2e/models/transfuser/team_code_transfuser/latentTF.py", line 163, in test_step
    loss = self.per_example_ade(pred, batch["FUTURE"]).mean()
  File "/scratch/gilbreth/shar1159/robotvision/src/camera-based-e2e/models/transfuser/team_code_transfuser/latentTF.py", line 147, in per_example_ade
    return torch.norm(pred - gt, dim=-1).mean(dim=1)
RuntimeError: The size of tensor a (20) must match the size of tensor b (0) at non-singleton dimension 1
srun: error: gilbreth-e014: task 0: Exited with exit code 1
