Lmod has detected the following error: The following module(s) are unknown: "anaconda/2023.03"

Please check the spelling or version number. Also try "module spider ..."
It is also possible your cache file is out-of-date; it may help to try:
  $ module --ignore_cache load "anaconda/2023.03"

Also make sure that all modulefiles written in TCL start with the string #%Module



/var/spool/slurm/job9940269/slurm_script: line 15: activate: No such file or directory
GPU available: True (cuda), used: True
TPU available: False, using: 0 TPU cores
/scratch/gilbreth/shar1159/conda_envs/waymo/lib/python3.10/site-packages/pytorch_lightning/callbacks/model_checkpoint.py:751: Checkpoint directory /scratch/gilbreth/shar1159/checkpoints exists and is not empty.
LOCAL_RANK: 0 - CUDA_VISIBLE_DEVICES: [0]

  | Name  | Type      | Params | Mode  | In sizes | Out sizes
-------------------------------------------------------------------
0 | model | BaseModel | 332 K  | train | [1, 96]  | [1, 40]  
-------------------------------------------------------------------
332 K     Trainable params
0         Non-trainable params
332 K     Total params
1.331     Total estimated model params size (MB)
7         Modules in train mode
0         Modules in eval mode
SLURM auto-requeueing enabled. Setting signal handlers.
/scratch/gilbreth/shar1159/conda_envs/waymo/lib/python3.10/site-packages/pytorch_lightning/trainer/connectors/data_connector.py:433: The 'val_dataloader' does not have many workers which may be a bottleneck. Consider increasing the value of the `num_workers` argument` to `num_workers=3` in the `DataLoader` to improve performance.
/scratch/gilbreth/shar1159/conda_envs/waymo/lib/python3.10/site-packages/pytorch_lightning/utilities/data.py:123: Your `IterableDataset` has `__len__` defined. In combination with multi-process data loading (when num_workers > 1), `__len__` could be inaccurate if each worker is not configured independently to avoid having duplicate data.
/scratch/gilbreth/shar1159/conda_envs/waymo/lib/python3.10/site-packages/pytorch_lightning/trainer/connectors/data_connector.py:433: The 'train_dataloader' does not have many workers which may be a bottleneck. Consider increasing the value of the `num_workers` argument` to `num_workers=3` in the `DataLoader` to improve performance.
srun: Job step aborted: Waiting up to 32 seconds for job step to finish.
slurmstepd: error: *** STEP 9940269.0 ON gilbreth-e000 CANCELLED AT 2025-11-15T16:56:36 ***
slurmstepd: error: *** JOB 9940269 ON gilbreth-e000 CANCELLED AT 2025-11-15T16:56:36 ***
