/scratch/gilbreth/shar1159/conda_envs/waymo/lib/python3.10/site-packages/pytorch_lightning/utilities/parsing.py:210: Attribute 'model' is an instance of `nn.Module` and is already saved during checkpointing. It is recommended to ignore them using `self.save_hyperparameters(ignore=['model'])`.
Using bfloat16 Automatic Mixed Precision (AMP)
GPU available: True (cuda), used: True
TPU available: False, using: 0 TPU cores
You are using a CUDA device ('NVIDIA A10') that has Tensor Cores. To properly utilize them, you should set `torch.set_float32_matmul_precision('medium' | 'high')` which will trade-off precision for performance. For more details, read https://pytorch.org/docs/stable/generated/torch.set_float32_matmul_precision.html#torch.set_float32_matmul_precision
/scratch/gilbreth/shar1159/conda_envs/waymo/lib/python3.10/site-packages/pytorch_lightning/callbacks/model_checkpoint.py:881: Checkpoint directory /scratch/gilbreth/shar1159/checkpoints exists and is not empty.
LOCAL_RANK: 0 - CUDA_VISIBLE_DEVICES: [0]
/scratch/gilbreth/shar1159/conda_envs/waymo/lib/python3.10/site-packages/pytorch_lightning/utilities/model_summary/model_summary.py:242: Precision bf16-mixed is not supported by the model summary.  Estimated model size in MB will not be accurate. Using 32 bits instead.

  | Name  | Type     | Params | Mode  | FLOPs
---------------------------------------------------
0 | model | NewModel | 28.1 M | train | 0    
---------------------------------------------------
1.3 M     Trainable params
26.8 M    Non-trainable params
28.1 M    Total params
112.541   Total estimated model params size (MB)
244       Modules in train mode
0         Modules in eval mode
0         Total Flops
SLURM auto-requeueing enabled. Setting signal handlers.
/scratch/gilbreth/shar1159/conda_envs/waymo/lib/python3.10/site-packages/pytorch_lightning/utilities/data.py:123: Your `IterableDataset` has `__len__` defined. In combination with multi-process data loading (when num_workers > 1), `__len__` could be inaccurate if each worker is not configured independently to avoid having duplicate data.
Traceback (most recent call last):
  File "/scratch/gilbreth/shar1159/robotvision/src/camera-based-e2e/train.py", line 102, in <module>
    trainer.fit(lit_model, train_loader, val_loader)
  File "/scratch/gilbreth/shar1159/conda_envs/waymo/lib/python3.10/site-packages/pytorch_lightning/trainer/trainer.py", line 584, in fit
    call._call_and_handle_interrupt(
  File "/scratch/gilbreth/shar1159/conda_envs/waymo/lib/python3.10/site-packages/pytorch_lightning/trainer/call.py", line 49, in _call_and_handle_interrupt
    return trainer_fn(*args, **kwargs)
  File "/scratch/gilbreth/shar1159/conda_envs/waymo/lib/python3.10/site-packages/pytorch_lightning/trainer/trainer.py", line 630, in _fit_impl
    self._run(model, ckpt_path=ckpt_path, weights_only=weights_only)
  File "/scratch/gilbreth/shar1159/conda_envs/waymo/lib/python3.10/site-packages/pytorch_lightning/trainer/trainer.py", line 1079, in _run
    results = self._run_stage()
  File "/scratch/gilbreth/shar1159/conda_envs/waymo/lib/python3.10/site-packages/pytorch_lightning/trainer/trainer.py", line 1121, in _run_stage
    self._run_sanity_check()
  File "/scratch/gilbreth/shar1159/conda_envs/waymo/lib/python3.10/site-packages/pytorch_lightning/trainer/trainer.py", line 1150, in _run_sanity_check
    val_loop.run()
  File "/scratch/gilbreth/shar1159/conda_envs/waymo/lib/python3.10/site-packages/pytorch_lightning/loops/utilities.py", line 179, in _decorator
    return loop_run(self, *args, **kwargs)
  File "/scratch/gilbreth/shar1159/conda_envs/waymo/lib/python3.10/site-packages/pytorch_lightning/loops/evaluation_loop.py", line 139, in run
    batch, batch_idx, dataloader_idx = next(data_fetcher)
  File "/scratch/gilbreth/shar1159/conda_envs/waymo/lib/python3.10/site-packages/pytorch_lightning/loops/fetchers.py", line 134, in __next__
    batch = super().__next__()
  File "/scratch/gilbreth/shar1159/conda_envs/waymo/lib/python3.10/site-packages/pytorch_lightning/loops/fetchers.py", line 61, in __next__
    batch = next(self.iterator)
  File "/scratch/gilbreth/shar1159/conda_envs/waymo/lib/python3.10/site-packages/pytorch_lightning/utilities/combined_loader.py", line 341, in __next__
    out = next(self._iterator)
  File "/scratch/gilbreth/shar1159/conda_envs/waymo/lib/python3.10/site-packages/pytorch_lightning/utilities/combined_loader.py", line 142, in __next__
    out = next(self.iterators[0])
  File "/scratch/gilbreth/shar1159/conda_envs/waymo/lib/python3.10/site-packages/torch/utils/data/dataloader.py", line 701, in __next__
    data = self._next_data()
  File "/scratch/gilbreth/shar1159/conda_envs/waymo/lib/python3.10/site-packages/torch/utils/data/dataloader.py", line 1465, in _next_data
    return self._process_data(data)
  File "/scratch/gilbreth/shar1159/conda_envs/waymo/lib/python3.10/site-packages/torch/utils/data/dataloader.py", line 1491, in _process_data
    data.reraise()
  File "/scratch/gilbreth/shar1159/conda_envs/waymo/lib/python3.10/site-packages/torch/_utils.py", line 715, in reraise
    raise exception
RuntimeError: Caught RuntimeError in DataLoader worker process 0.
Original Traceback (most recent call last):
  File "/scratch/gilbreth/shar1159/conda_envs/waymo/lib/python3.10/site-packages/torch/utils/data/_utils/worker.py", line 351, in _worker_loop
    data = fetcher.fetch(index)  # type: ignore[possibly-undefined]
  File "/scratch/gilbreth/shar1159/conda_envs/waymo/lib/python3.10/site-packages/torch/utils/data/_utils/fetch.py", line 33, in fetch
    data.append(next(self.dataset_iter))
  File "/scratch/gilbreth/shar1159/robotvision/src/camera-based-e2e/loader.py", line 93, in __iter__
    yield {'PAST': past, 'FUTURE': future, 'IMAGES': [self.decode_img(images.image) for images in frame.frame.images], 'INTENT': frame.intent, 'NAME': frame.frame.context.name}
  File "/scratch/gilbreth/shar1159/robotvision/src/camera-based-e2e/loader.py", line 93, in <listcomp>
    yield {'PAST': past, 'FUTURE': future, 'IMAGES': [self.decode_img(images.image) for images in frame.frame.images], 'INTENT': frame.intent, 'NAME': frame.frame.context.name}
  File "/scratch/gilbreth/shar1159/robotvision/src/camera-based-e2e/loader.py", line 44, in decode_img
    gpu_tensors_list = torchvision.io.decode_jpeg(
  File "/scratch/gilbreth/shar1159/conda_envs/waymo/lib/python3.10/site-packages/torchvision/io/image.py", line 222, in decode_jpeg
    return torch.ops.image.decode_jpegs_cuda([input], mode.value, device)[0]
  File "/scratch/gilbreth/shar1159/conda_envs/waymo/lib/python3.10/site-packages/torch/_ops.py", line 1116, in __call__
    return self._op(*args, **(kwargs or {}))
RuntimeError: CUDA error: initialization error
CUDA kernel errors might be asynchronously reported at some other API call, so the stacktrace below might be incorrect.
For debugging consider passing CUDA_LAUNCH_BLOCKING=1
Compile with `TORCH_USE_CUDA_DSA` to enable device-side assertions.


srun: error: gilbreth-h010: task 0: Exited with exit code 1
